<?xml version="1.0" encoding="UTF-8"?>
<testsuite name="com.econovation.rere.repository.CardBookRepositoryTest" tests="1" skipped="0" failures="0" errors="0" timestamp="2023-12-30T08:53:46" hostname="gimjongmin-ui-MacBookAir.local" time="0.181">
  <properties/>
  <testcase name="testCardBookSelect()" classname="com.econovation.rere.repository.CardBookRepositoryTest" time="0.181"/>
  <system-out><![CDATA[17:53:43.915 [Test worker] DEBUG org.springframework.test.context.BootstrapUtils - Instantiating CacheAwareContextLoaderDelegate from class [org.springframework.test.context.cache.DefaultCacheAwareContextLoaderDelegate]
17:53:43.921 [Test worker] DEBUG org.springframework.test.context.BootstrapUtils - Instantiating BootstrapContext using constructor [public org.springframework.test.context.support.DefaultBootstrapContext(java.lang.Class,org.springframework.test.context.CacheAwareContextLoaderDelegate)]
17:53:43.940 [Test worker] DEBUG org.springframework.test.context.BootstrapUtils - Instantiating TestContextBootstrapper for test class [com.econovation.rere.repository.CardBookRepositoryTest] from class [org.springframework.boot.test.context.SpringBootTestContextBootstrapper]
17:53:43.946 [Test worker] INFO org.springframework.boot.test.context.SpringBootTestContextBootstrapper - Neither @ContextConfiguration nor @ContextHierarchy found for test class [com.econovation.rere.repository.CardBookRepositoryTest], using SpringBootContextLoader
17:53:43.948 [Test worker] DEBUG org.springframework.test.context.support.AbstractContextLoader - Did not detect default resource location for test class [com.econovation.rere.repository.CardBookRepositoryTest]: class path resource [com/econovation/rere/repository/CardBookRepositoryTest-context.xml] does not exist
17:53:43.949 [Test worker] DEBUG org.springframework.test.context.support.AbstractContextLoader - Did not detect default resource location for test class [com.econovation.rere.repository.CardBookRepositoryTest]: class path resource [com/econovation/rere/repository/CardBookRepositoryTestContext.groovy] does not exist
17:53:43.949 [Test worker] INFO org.springframework.test.context.support.AbstractContextLoader - Could not detect default resource locations for test class [com.econovation.rere.repository.CardBookRepositoryTest]: no resource found for suffixes {-context.xml, Context.groovy}.
17:53:43.949 [Test worker] INFO org.springframework.test.context.support.AnnotationConfigContextLoaderUtils - Could not detect default configuration classes for test class [com.econovation.rere.repository.CardBookRepositoryTest]: CardBookRepositoryTest does not declare any static, non-private, non-final, nested classes annotated with @Configuration.
17:53:43.975 [Test worker] DEBUG org.springframework.test.context.support.ActiveProfilesUtils - Could not find an 'annotation declaring class' for annotation type [org.springframework.test.context.ActiveProfiles] and class [com.econovation.rere.repository.CardBookRepositoryTest]
17:53:44.013 [Test worker] DEBUG org.springframework.context.annotation.ClassPathScanningCandidateComponentProvider - Identified candidate component class: file [/Users/kimjongmin/Library/Mobile Documents/com~apple~CloudDocs/대학/에코노베이션/Project/ReRe/BE/build/classes/java/main/com/econovation/rere/RereApplication.class]
17:53:44.014 [Test worker] INFO org.springframework.boot.test.context.SpringBootTestContextBootstrapper - Found @SpringBootConfiguration com.econovation.rere.RereApplication for test class com.econovation.rere.repository.CardBookRepositoryTest
17:53:44.059 [Test worker] DEBUG org.springframework.boot.test.context.SpringBootTestContextBootstrapper - @TestExecutionListeners is not present for class [com.econovation.rere.repository.CardBookRepositoryTest]: using defaults.
17:53:44.059 [Test worker] INFO org.springframework.boot.test.context.SpringBootTestContextBootstrapper - Loaded default TestExecutionListener class names from location [META-INF/spring.factories]: [org.springframework.boot.test.autoconfigure.restdocs.RestDocsTestExecutionListener, org.springframework.boot.test.autoconfigure.web.client.MockRestServiceServerResetTestExecutionListener, org.springframework.boot.test.autoconfigure.web.servlet.MockMvcPrintOnlyOnFailureTestExecutionListener, org.springframework.boot.test.autoconfigure.web.servlet.WebDriverTestExecutionListener, org.springframework.boot.test.autoconfigure.webservices.client.MockWebServiceServerTestExecutionListener, org.springframework.boot.test.mock.mockito.MockitoTestExecutionListener, org.springframework.boot.test.mock.mockito.ResetMocksTestExecutionListener, org.springframework.test.context.web.ServletTestExecutionListener, org.springframework.test.context.support.DirtiesContextBeforeModesTestExecutionListener, org.springframework.test.context.event.ApplicationEventsTestExecutionListener, org.springframework.test.context.support.DependencyInjectionTestExecutionListener, org.springframework.test.context.support.DirtiesContextTestExecutionListener, org.springframework.test.context.transaction.TransactionalTestExecutionListener, org.springframework.test.context.jdbc.SqlScriptsTestExecutionListener, org.springframework.test.context.event.EventPublishingTestExecutionListener]
17:53:44.071 [Test worker] INFO org.springframework.boot.test.context.SpringBootTestContextBootstrapper - Using TestExecutionListeners: [org.springframework.test.context.web.ServletTestExecutionListener@29e6eb25, org.springframework.test.context.support.DirtiesContextBeforeModesTestExecutionListener@62435e70, org.springframework.test.context.event.ApplicationEventsTestExecutionListener@339bf286, org.springframework.boot.test.mock.mockito.MockitoTestExecutionListener@38be305c, org.springframework.boot.test.autoconfigure.SpringBootDependencyInjectionTestExecutionListener@269f4bad, org.springframework.test.context.support.DirtiesContextTestExecutionListener@5ed731d0, org.springframework.test.context.transaction.TransactionalTestExecutionListener@3234f74e, org.springframework.test.context.jdbc.SqlScriptsTestExecutionListener@7bc10d84, org.springframework.test.context.event.EventPublishingTestExecutionListener@275fe372, org.springframework.boot.test.autoconfigure.restdocs.RestDocsTestExecutionListener@40e10ff8, org.springframework.boot.test.autoconfigure.web.client.MockRestServiceServerResetTestExecutionListener@557a1e2d, org.springframework.boot.test.autoconfigure.web.servlet.MockMvcPrintOnlyOnFailureTestExecutionListener@26a4842b, org.springframework.boot.test.autoconfigure.web.servlet.WebDriverTestExecutionListener@7e38a7fe, org.springframework.boot.test.autoconfigure.webservices.client.MockWebServiceServerTestExecutionListener@366ef90e, org.springframework.boot.test.mock.mockito.ResetMocksTestExecutionListener@33e01298]
17:53:44.073 [Test worker] DEBUG org.springframework.test.context.support.AbstractDirtiesContextTestExecutionListener - Before test class: context [DefaultTestContext@51e8e6e6 testClass = CardBookRepositoryTest, testInstance = [null], testMethod = [null], testException = [null], mergedContextConfiguration = [WebMergedContextConfiguration@56f6d40b testClass = CardBookRepositoryTest, locations = '{}', classes = '{class com.econovation.rere.RereApplication}', contextInitializerClasses = '[]', activeProfiles = '{}', propertySourceLocations = '{}', propertySourceProperties = '{org.springframework.boot.test.context.SpringBootTestContextBootstrapper=true}', contextCustomizers = set[org.springframework.boot.test.autoconfigure.actuate.metrics.MetricsExportContextCustomizerFactory$DisableMetricExportContextCustomizer@632ceb35, org.springframework.boot.test.autoconfigure.properties.PropertyMappingContextCustomizer@0, org.springframework.boot.test.autoconfigure.web.servlet.WebDriverContextCustomizerFactory$Customizer@30e868be, org.springframework.boot.test.context.filter.ExcludeFilterContextCustomizer@13ad5cd3, org.springframework.boot.test.json.DuplicateJsonObjectContextCustomizerFactory$DuplicateJsonObjectContextCustomizer@6581dc0a, org.springframework.boot.test.mock.mockito.MockitoContextCustomizer@0, org.springframework.boot.test.web.client.TestRestTemplateContextCustomizer@545b995e, org.springframework.boot.test.context.SpringBootTestArgs@1, org.springframework.boot.test.context.SpringBootTestWebEnvironment@2f54a33d], resourceBasePath = 'src/main/webapp', contextLoader = 'org.springframework.boot.test.context.SpringBootContextLoader', parent = [null]], attributes = map['org.springframework.test.context.web.ServletTestExecutionListener.activateListener' -> true]], class annotated with @DirtiesContext [false] with mode [null].

  .   ____          _            __ _ _
 /\\ / ___'_ __ _ _(_)_ __  __ _ \ \ \ \
( ( )\___ | '_ | '_| | '_ \/ _` | \ \ \ \
 \\/  ___)| |_)| | | | | || (_| |  ) ) ) )
  '  |____| .__|_| |_|_| |_\__, | / / / /
 =========|_|==============|___/=/_/_/_/
 :: Spring Boot ::               (v2.7.12)

2023-12-30 17:53:44.228  INFO 58230 --- [    Test worker] c.e.r.repository.CardBookRepositoryTest  : Starting CardBookRepositoryTest using Java 17.0.9 on gimjongmin-ui-MacBookAir.local with PID 58230 (started by kimjongmin in /Users/kimjongmin/Library/Mobile Documents/com~apple~CloudDocs/대학/에코노베이션/Project/ReRe/BE)
2023-12-30 17:53:44.229  INFO 58230 --- [    Test worker] c.e.r.repository.CardBookRepositoryTest  : No active profile set, falling back to 1 default profile: "default"
2023-12-30 17:53:44.571  INFO 58230 --- [    Test worker] .s.d.r.c.RepositoryConfigurationDelegate : Multiple Spring Data modules found, entering strict repository configuration mode
2023-12-30 17:53:44.572  INFO 58230 --- [    Test worker] .s.d.r.c.RepositoryConfigurationDelegate : Bootstrapping Spring Data JDBC repositories in DEFAULT mode.
2023-12-30 17:53:44.589  INFO 58230 --- [    Test worker] .RepositoryConfigurationExtensionSupport : Spring Data JDBC - Could not safely identify store assignment for repository candidate interface com.econovation.rere.repository.BlindCardRepository; If you want this repository to be a JDBC repository, consider annotating your entities with one of these annotations: org.springframework.data.relational.core.mapping.Table.
2023-12-30 17:53:44.590  INFO 58230 --- [    Test worker] .RepositoryConfigurationExtensionSupport : Spring Data JDBC - Could not safely identify store assignment for repository candidate interface com.econovation.rere.repository.CardBookRepository; If you want this repository to be a JDBC repository, consider annotating your entities with one of these annotations: org.springframework.data.relational.core.mapping.Table.
2023-12-30 17:53:44.591  INFO 58230 --- [    Test worker] .RepositoryConfigurationExtensionSupport : Spring Data JDBC - Could not safely identify store assignment for repository candidate interface com.econovation.rere.repository.CardRepository; If you want this repository to be a JDBC repository, consider annotating your entities with one of these annotations: org.springframework.data.relational.core.mapping.Table.
2023-12-30 17:53:44.591  INFO 58230 --- [    Test worker] .RepositoryConfigurationExtensionSupport : Spring Data JDBC - Could not safely identify store assignment for repository candidate interface com.econovation.rere.repository.StudyCompleteRepository; If you want this repository to be a JDBC repository, consider annotating your entities with one of these annotations: org.springframework.data.relational.core.mapping.Table.
2023-12-30 17:53:44.592  INFO 58230 --- [    Test worker] .RepositoryConfigurationExtensionSupport : Spring Data JDBC - Could not safely identify store assignment for repository candidate interface com.econovation.rere.repository.ThemeRepository; If you want this repository to be a JDBC repository, consider annotating your entities with one of these annotations: org.springframework.data.relational.core.mapping.Table.
2023-12-30 17:53:44.593  INFO 58230 --- [    Test worker] .RepositoryConfigurationExtensionSupport : Spring Data JDBC - Could not safely identify store assignment for repository candidate interface com.econovation.rere.repository.UserRepository; If you want this repository to be a JDBC repository, consider annotating your entities with one of these annotations: org.springframework.data.relational.core.mapping.Table.
2023-12-30 17:53:44.593  INFO 58230 --- [    Test worker] .s.d.r.c.RepositoryConfigurationDelegate : Finished Spring Data repository scanning in 18 ms. Found 0 JDBC repository interfaces.
2023-12-30 17:53:44.600  INFO 58230 --- [    Test worker] .s.d.r.c.RepositoryConfigurationDelegate : Multiple Spring Data modules found, entering strict repository configuration mode
2023-12-30 17:53:44.601  INFO 58230 --- [    Test worker] .s.d.r.c.RepositoryConfigurationDelegate : Bootstrapping Spring Data JPA repositories in DEFAULT mode.
2023-12-30 17:53:44.624  INFO 58230 --- [    Test worker] .s.d.r.c.RepositoryConfigurationDelegate : Finished Spring Data repository scanning in 20 ms. Found 6 JPA repository interfaces.
2023-12-30 17:53:44.887  INFO 58230 --- [    Test worker] com.zaxxer.hikari.HikariDataSource       : HikariPool-1 - Starting...
2023-12-30 17:53:45.102  INFO 58230 --- [    Test worker] com.zaxxer.hikari.HikariDataSource       : HikariPool-1 - Start completed.
2023-12-30 17:53:45.196  INFO 58230 --- [    Test worker] o.hibernate.jpa.internal.util.LogHelper  : HHH000204: Processing PersistenceUnitInfo [name: default]
2023-12-30 17:53:45.227  INFO 58230 --- [    Test worker] org.hibernate.Version                    : HHH000412: Hibernate ORM core version 5.6.15.Final
2023-12-30 17:53:45.325  INFO 58230 --- [    Test worker] o.hibernate.annotations.common.Version   : HCANN000001: Hibernate Commons Annotations {5.1.2.Final}
2023-12-30 17:53:45.389  INFO 58230 --- [    Test worker] org.hibernate.dialect.Dialect            : HHH000400: Using dialect: org.hibernate.dialect.MySQL57Dialect
2023-12-30 17:53:45.821  INFO 58230 --- [    Test worker] o.h.e.t.j.p.i.JtaPlatformInitiator       : HHH000490: Using JtaPlatform implementation: [org.hibernate.engine.transaction.jta.platform.internal.NoJtaPlatform]
2023-12-30 17:53:45.827  INFO 58230 --- [    Test worker] j.LocalContainerEntityManagerFactoryBean : Initialized JPA EntityManagerFactory for persistence unit 'default'
2023-12-30 17:53:46.554  INFO 58230 --- [    Test worker] s.a.ScheduledAnnotationBeanPostProcessor : No TaskScheduler/ScheduledExecutorService bean found for scheduled processing
2023-12-30 17:53:46.558  INFO 58230 --- [    Test worker] c.e.r.repository.CardBookRepositoryTest  : Started CardBookRepositoryTest in 2.466 seconds (JVM running for 3.103)
Hibernate: select cardbook0_.cardbook_id as cardbook1_2_, cardbook0_.create_date as create_d2_2_, cardbook0_.name as name3_2_, cardbook0_.scrap_cnt as scrap_cn4_2_, cardbook0_.update_date as update_d5_2_, cardbook0_.writer as writer6_2_ from card_book cardbook0_
1
]]></system-out>
  <system-err><![CDATA[]]></system-err>
</testsuite>
